TN:
SF:script/deploy.s.sol
DA:7,0
FN:7,DeployScript.run
FNDA:0,DeployScript.run
DA:8,0
DA:9,0
DA:11,0
FNF:1
FNH:0
LF:4
LH:0
BRF:0
BRH:0
end_of_record
TN:
SF:src/PotatoTipper.sol
DA:82,80038
FN:82,PotatoTipper.supportsInterface
FNDA:80038,PotatoTipper.supportsInterface
DA:83,80038
DA:86,80035
FN:86,PotatoTipper.hasReceivedTip
FNDA:80035,PotatoTipper.hasReceivedTip
DA:87,110050
DA:90,0
FN:90,PotatoTipper.setInitialFollowerList
FNDA:0,PotatoTipper.setInitialFollowerList
DA:91,0
DA:92,0
DA:96,40021
FN:96,PotatoTipper.universalReceiverDelegate
FNDA:40021,PotatoTipper.universalReceiverDelegate
DA:102,40021
DA:109,30016
DA:112,30015
DA:116,30015
DA:120,30014
DA:121,30014
DA:122,20012
DA:131,20012
BRDA:131,4,0,10004
DA:132,10004
DA:136,10008
BRDA:136,5,0,10003
DA:137,10003
DA:145,5
DA:148,5
DA:155,5
DA:157,5
DA:160,0
DA:161,0
BRDA:161,6,0,-
DA:162,0
DA:163,0
DA:167,0
FNF:4
FNH:3
LF:28
LH:20
BRF:3
BRH:2
end_of_record
TN:
SF:test/helpers/NetworkForkTestHelpers.sol
DA:10,0
FN:10,NetworkForkTestHelpers._useMainnetForkEnvironment
FNDA:0,NetworkForkTestHelpers._useMainnetForkEnvironment
DA:12,0
DA:14,0
DA:18,0
DA:19,0
FNF:1
FNH:0
LF:5
LH:0
BRF:0
BRH:0
end_of_record
TN:
SF:test/helpers/UniversalProfileTestHelpers.sol
DA:26,16
FN:26,UniversalProfileTestHelpers.setUp
FNDA:16,UniversalProfileTestHelpers.setUp
DA:27,16
DA:30,0
FN:30,UniversalProfileTestHelpers._setUpUniversalProfileLikeBrowserExtension
FNDA:0,UniversalProfileTestHelpers._setUpUniversalProfileLikeBrowserExtension
DA:33,0
DA:37,0
DA:41,0
DA:42,0
DA:48,0
DA:54,0
DA:57,0
FN:57,UniversalProfileTestHelpers._setUpSpecificLSP1DelegateForTokensSent
FNDA:0,UniversalProfileTestHelpers._setUpSpecificLSP1DelegateForTokensSent
DA:63,0
DA:65,0
DA:70,0
DA:76,0
DA:82,0
DA:88,0
DA:93,0
DA:96,0
FN:96,UniversalProfileTestHelpers._setUpSpecificLSP1DelegateForTokensReceived
FNDA:0,UniversalProfileTestHelpers._setUpSpecificLSP1DelegateForTokensReceived
DA:102,0
DA:104,0
DA:110,0
DA:115,0
DA:120,0
DA:126,0
DA:131,0
DA:134,0
FN:134,UniversalProfileTestHelpers._setUPMainLSP1DelegateWithPermissions
FNDA:0,UniversalProfileTestHelpers._setUPMainLSP1DelegateWithPermissions
DA:139,0
DA:140,0
DA:147,0
DA:156,0
DA:161,0
DA:164,0
FN:164,UniversalProfileTestHelpers._setupMainControllerPermissions
FNDA:0,UniversalProfileTestHelpers._setupMainControllerPermissions
DA:168,0
DA:173,0
DA:175,0
DA:176,0
DA:179,0
FN:179,UniversalProfileTestHelpers._transferOwnershipToKeyManager
FNDA:0,UniversalProfileTestHelpers._transferOwnershipToKeyManager
DA:185,0
DA:186,0
DA:189,0
DA:190,0
DA:193,0
FNF:7
FNH:1
LF:42
LH:2
BRF:0
BRH:0
end_of_record
