TN:
SF:src/PotatoTipper.sol
DA:91,15055
FN:91,PotatoTipper.supportsInterface
FNDA:15055,PotatoTipper.supportsInterface
DA:92,15055
DA:96,16058
FN:96,PotatoTipper.hasReceivedTip
FNDA:16058,PotatoTipper.hasReceivedTip
DA:97,16058
DA:101,3027
FN:101,PotatoTipper.hasFollowedPostInstall
FNDA:3027,PotatoTipper.hasFollowedPostInstall
DA:102,3027
DA:107,2016
FN:107,PotatoTipper.existingFollowerUnfollowedPostInstall
FNDA:2016,PotatoTipper.existingFollowerUnfollowedPostInstall
DA:108,2016
DA:126,8034
FN:126,PotatoTipper.universalReceiverDelegate
FNDA:8034,PotatoTipper.universalReceiverDelegate
DA:135,8034
BRDA:135,0,0,1002
DA:136,7032
BRDA:136,1,0,-
DA:140,7032
DA:143,7032
BRDA:143,2,0,2
DA:145,7030
BRDA:145,3,0,7024
DA:146,6
BRDA:146,4,0,6
DA:148,0
DA:158,7024
FN:158,PotatoTipper._handleOnFollow
FNDA:7024,PotatoTipper._handleOnFollow
DA:159,7024
DA:160,7024
BRDA:160,5,0,1
DA:163,1
BRDA:163,6,0,1
DA:166,1
BRDA:166,7,0,1
DA:167,1
DA:170,7021
BRDA:170,8,0,7019
DA:172,7021
DA:173,7021
DA:174,7021
DA:177,7021
BRDA:177,9,0,1002
DA:179,6019
DA:180,6019
DA:181,6019
BRDA:181,10,0,2000
DA:183,4019
DA:184,4019
BRDA:184,11,0,3004
DA:186,1015
DA:196,6
FN:196,PotatoTipper._handleOnUnfollow
FNDA:6,PotatoTipper._handleOnUnfollow
DA:197,6
DA:198,1
BRDA:198,12,0,1
DA:200,1
BRDA:200,13,0,1
DA:202,4
BRDA:202,14,0,2
DA:203,2
DA:204,2
DA:207,2
DA:215,6019
FN:215,PotatoTipper._validateTipEligibilityCriterias
FNDA:6019,PotatoTipper._validateTipEligibilityCriterias
DA:220,6019
BRDA:220,15,0,1000
DA:221,1000
DA:224,5019
BRDA:224,16,0,1000
DA:225,1000
DA:228,4019
DA:237,4019
FN:237,PotatoTipper._validateCanTransferTip
FNDA:4019,PotatoTipper._validateCanTransferTip
DA:242,4019
BRDA:242,17,0,1000
DA:243,1000
DA:246,3019
BRDA:246,18,0,2004
DA:247,2004
DA:250,1015
DA:257,1015
FN:257,PotatoTipper._transferTip
FNDA:1015,PotatoTipper._transferTip
DA:258,1015
DA:260,1015
BRDA:260,19,0,1015
DA:267,1014
DA:268,1014
DA:269,1
BRDA:269,19,1,1
DA:272,1
DA:274,1
DA:275,1
FNF:10
FNH:10
LF:62
LH:61
BRF:21
BRH:20
end_of_record
